<?xml version="1.0" encoding="UTF-8"?>
<!-- Generated by org.testng.reporters.JUnitXMLReporter -->
<testsuite hostname="LAPTOP-VDF4BQTI" ignored="2" name="Test" tests="6" failures="2" timestamp="05 Jul 2018 07:07:45 GMT" time="0.294" errors="0">
  <testcase name="functionalityTest1" time="0.031" classname="com.extent.Functionality1"/>
  <testcase name="functionalityTest2" time="0.007" classname="com.extent.Functionality1">
    <failure type="java.lang.AssertionError" message="expected [Kumar] but found [Senthil]">
      <![CDATA[java.lang.AssertionError: expected [Kumar] but found [Senthil]
	at com.extent.Functionality1.functionalityTest2(Functionality1.java:16)
... Removed 31 stack frames]]>
    </failure>
  </testcase> <!-- functionalityTest2 -->
  <testcase name="functionalityTest3" time="0.002" classname="com.extent.Functionality1"/>
  <testcase name="functionality2Test1" time="0.003" classname="com.extent.Functionality2"/>
  <testcase name="functionality2Test2" time="0.008" classname="com.extent.Functionality2">
    <failure type="java.lang.AssertionError" message="expected [Kumar] but found [Senthil]">
      <![CDATA[java.lang.AssertionError: expected [Kumar] but found [Senthil]
	at com.extent.Functionality2.functionality2Test2(Functionality2.java:16)
... Removed 31 stack frames]]>
    </failure>
  </testcase> <!-- functionality2Test2 -->
  <testcase name="functionality2Test3" time="0.002" classname="com.extent.Functionality2"/>
  <testcase name="@AfterSuite tesrDown" time="0.0" classname="com.extent.BaseTest">
    <ignored/>
  </testcase> <!-- @AfterSuite tesrDown -->
  <testcase name="@BeforeSuite setUp" time="0.0" classname="com.extent.BaseTest">
    <ignored/>
  </testcase> <!-- @BeforeSuite setUp -->
</testsuite> <!-- Test -->
